<?xml version="1.0" encoding="UTF-8"?>
<!-- Generated by org.testng.reporters.JUnitXMLReporter -->
<testsuite ignored="21" hostname="NishaAbishek" failures="0" tests="1" name="Default test" time="7.316" errors="0" timestamp="2024-02-12T02:14:49 MST">
  <testcase classname="com.pivotcoachingacademy.AutomationFramework.Tests.ProductReturnsTest" name="validateOrderDateField" time="0.172"/>
  <testcase classname="com.pivotcoachingacademy.AutomationFramework.Tests.ProductReturnsTest" name="validateEmailAddressWithValidInput" time="0.0">
    <ignored/>
  </testcase> <!-- validateEmailAddressWithValidInput -->
  <testcase classname="com.pivotcoachingacademy.AutomationFramework.Tests.ProductReturnsTest" name="validateEmailAddressWithEmptyInput" time="0.0">
    <ignored/>
  </testcase> <!-- validateEmailAddressWithEmptyInput -->
  <testcase classname="com.pivotcoachingacademy.AutomationFramework.Tests.ProductReturnsTest" name="validateOrderDate" time="0.0">
    <ignored/>
  </testcase> <!-- validateOrderDate -->
  <testcase classname="com.pivotcoachingacademy.AutomationFramework.Tests.ProductReturnsTest" name="validateFirstNameWithEmptyInput" time="0.0">
    <ignored/>
  </testcase> <!-- validateFirstNameWithEmptyInput -->
  <testcase classname="com.pivotcoachingacademy.AutomationFramework.Tests.ProductReturnsTest" name="validateLastNameWithCharacterLimit" time="0.0">
    <ignored/>
  </testcase> <!-- validateLastNameWithCharacterLimit -->
  <testcase classname="com.pivotcoachingacademy.AutomationFramework.Tests.ProductReturnsTest" name="validateFirstNameWithValidInput" time="0.0">
    <ignored/>
  </testcase> <!-- validateFirstNameWithValidInput -->
  <testcase classname="com.pivotcoachingacademy.AutomationFramework.Tests.ProductReturnsTest" name="validateProductNameWithValidInput" time="0.0">
    <ignored/>
  </testcase> <!-- validateProductNameWithValidInput -->
  <testcase classname="com.pivotcoachingacademy.AutomationFramework.Tests.ProductReturnsTest" name="validateProductCodeWithValidInput" time="0.0">
    <ignored/>
  </testcase> <!-- validateProductCodeWithValidInput -->
  <testcase classname="com.pivotcoachingacademy.AutomationFramework.Tests.ProductReturnsTest" name="validateOrderIdWithEmptyInput" time="0.0">
    <ignored/>
  </testcase> <!-- validateOrderIdWithEmptyInput -->
  <testcase classname="com.pivotcoachingacademy.AutomationFramework.Tests.ProductReturnsTest" name="validateTelephoneNumberWithInvalidFormat" time="0.0">
    <ignored/>
  </testcase> <!-- validateTelephoneNumberWithInvalidFormat -->
  <testcase classname="com.pivotcoachingacademy.AutomationFramework.Tests.ProductReturnsTest" name="validateLastNameWithEmptyInput" time="0.0">
    <ignored/>
  </testcase> <!-- validateLastNameWithEmptyInput -->
  <testcase classname="com.pivotcoachingacademy.AutomationFramework.Tests.ProductReturnsTest" name="validateProductNameWithEmptyInput" time="0.0">
    <ignored/>
  </testcase> <!-- validateProductNameWithEmptyInput -->
  <testcase classname="com.pivotcoachingacademy.AutomationFramework.Tests.ProductReturnsTest" name="validateProductCodeWithEmptyInput" time="0.0">
    <ignored/>
  </testcase> <!-- validateProductCodeWithEmptyInput -->
  <testcase classname="com.pivotcoachingacademy.AutomationFramework.Tests.ProductReturnsTest" name="validateLastNameWithValidInput" time="0.0">
    <ignored/>
  </testcase> <!-- validateLastNameWithValidInput -->
  <testcase classname="com.pivotcoachingacademy.AutomationFramework.Tests.ProductReturnsTest" name="validateOrderIdWithValidInput" time="0.0">
    <ignored/>
  </testcase> <!-- validateOrderIdWithValidInput -->
  <testcase classname="com.pivotcoachingacademy.AutomationFramework.Tests.ProductReturnsTest" name="validateFirstNameWithCharacterLimit" time="0.0">
    <ignored/>
  </testcase> <!-- validateFirstNameWithCharacterLimit -->
  <testcase classname="com.pivotcoachingacademy.AutomationFramework.Tests.ProductReturnsTest" name="validateEmailAddressWithInvalidFormat" time="0.0">
    <ignored/>
  </testcase> <!-- validateEmailAddressWithInvalidFormat -->
  <testcase classname="com.pivotcoachingacademy.AutomationFramework.Tests.ProductReturnsTest" name="validateTelephoneNumberWithEmptyInput" time="0.0">
    <ignored/>
  </testcase> <!-- validateTelephoneNumberWithEmptyInput -->
  <testcase classname="com.pivotcoachingacademy.AutomationFramework.Tests.ProductReturnsTest" name="validateReasonForReturnWithNoSelection" time="0.0">
    <ignored/>
  </testcase> <!-- validateReasonForReturnWithNoSelection -->
  <testcase classname="com.pivotcoachingacademy.AutomationFramework.Tests.ProductReturnsTest" name="validateTelephoneNumberWithValidInput" time="0.0">
    <ignored/>
  </testcase> <!-- validateTelephoneNumberWithValidInput -->
  <testcase classname="com.pivotcoachingacademy.AutomationFramework.Tests.ProductReturnsTest" name="validateProductNameWithCharacterLimit" time="0.0">
    <ignored/>
  </testcase> <!-- validateProductNameWithCharacterLimit -->
</testsuite> <!-- Default test -->
