<?xml version="1.0" encoding="UTF-8"?>
<!-- Generated by org.testng.reporters.JUnitXMLReporter -->
<testsuite ignored="5" hostname="DESKTOP-E9NU9A2" failures="0" tests="1" name="Default test" time="14.331" errors="0" timestamp="2024-02-05T18:58:18 EST">
  <testcase classname="com.pivotcoachingacademy.AutomationFramework.CheckoutPageTest" name="validateUserOnCheckoutPageAfterAddingProducts" time="5.608"/>
  <testcase classname="com.pivotcoachingacademy.AutomationFramework.CheckoutPageTest" name="validateIfAddressForDeliveryIsSelected" time="0.0">
    <ignored/>
  </testcase> <!-- validateIfAddressForDeliveryIsSelected -->
  <testcase classname="com.pivotcoachingacademy.AutomationFramework.CheckoutPageTest" name="validateIfOrderIsConfirmedAndSuccessfullCheckout" time="0.0">
    <ignored/>
  </testcase> <!-- validateIfOrderIsConfirmedAndSuccessfullCheckout -->
  <testcase classname="com.pivotcoachingacademy.AutomationFramework.CheckoutPageTest" name="validateIfBillingDetailsAreEnteredSuccesfully" time="0.0">
    <ignored/>
  </testcase> <!-- validateIfBillingDetailsAreEnteredSuccesfully -->
  <testcase classname="com.pivotcoachingacademy.AutomationFramework.CheckoutPageTest" name="validateIfPaymentMethodIsSelected" time="0.0">
    <ignored/>
  </testcase> <!-- validateIfPaymentMethodIsSelected -->
  <testcase classname="com.pivotcoachingacademy.AutomationFramework.CheckoutPageTest" name="validateIfShippingRateIsSelected" time="0.0">
    <ignored/>
  </testcase> <!-- validateIfShippingRateIsSelected -->
</testsuite> <!-- Default test -->
