<?xml version="1.0" encoding="UTF-8"?>
<testng-results ignored="0" total="1" passed="1" failed="0" skipped="0">
  <reporter-output>
  </reporter-output>
  <suite started-at="2024-02-05T18:58:04 EST" name="Default suite" finished-at="2024-02-05T18:58:18 EST" duration-ms="14331">
    <groups>
    </groups>
    <test started-at="2024-02-05T18:58:04 EST" name="Default test" finished-at="2024-02-05T18:58:18 EST" duration-ms="14331">
      <class name="com.pivotcoachingacademy.AutomationFramework.CheckoutPageTest">
        <test-method is-config="true" signature="setUp()[pri:0, instance:com.pivotcoachingacademy.AutomationFramework.CheckoutPageTest@2af004b]" started-at="2024-02-05T18:58:04 EST" name="setUp" finished-at="2024-02-05T18:58:12 EST" duration-ms="8388" status="PASS">
          <reporter-output>
          </reporter-output>
        </test-method> <!-- setUp -->
        <test-method signature="validateUserOnCheckoutPageAfterAddingProducts()[pri:0, instance:com.pivotcoachingacademy.AutomationFramework.CheckoutPageTest@2af004b]" started-at="2024-02-05T18:58:12 EST" name="validateUserOnCheckoutPageAfterAddingProducts" finished-at="2024-02-05T18:58:18 EST" duration-ms="5608" status="PASS">
          <reporter-output>
          </reporter-output>
        </test-method> <!-- validateUserOnCheckoutPageAfterAddingProducts -->
        <test-method is-config="true" signature="closeDown()[pri:0, instance:com.pivotcoachingacademy.AutomationFramework.CheckoutPageTest@2af004b]" started-at="2024-02-05T18:58:18 EST" name="closeDown" finished-at="2024-02-05T18:58:18 EST" duration-ms="277" status="PASS">
          <reporter-output>
          </reporter-output>
        </test-method> <!-- closeDown -->
      </class> <!-- com.pivotcoachingacademy.AutomationFramework.CheckoutPageTest -->
    </test> <!-- Default test -->
  </suite> <!-- Default suite -->
</testng-results>
