<?xml version="1.0" encoding="UTF-8"?>
<testng-results ignored="21" total="22" passed="1" failed="0" skipped="0">
  <reporter-output>
  </reporter-output>
  <suite started-at="2024-02-12T02:14:41 MST" name="Default suite" finished-at="2024-02-12T02:14:49 MST" duration-ms="7316">
    <groups>
    </groups>
    <test started-at="2024-02-12T02:14:41 MST" name="Default test" finished-at="2024-02-12T02:14:49 MST" duration-ms="7316">
      <class name="com.pivotcoachingacademy.AutomationFramework.Tests.ProductReturnsTest">
        <test-method is-config="true" signature="setUp()[pri:0, instance:com.pivotcoachingacademy.AutomationFramework.Tests.ProductReturnsTest@33990a0c]" started-at="2024-02-12T02:14:41 MST" name="setUp" finished-at="2024-02-12T02:14:48 MST" duration-ms="6870" status="PASS">
          <reporter-output>
          </reporter-output>
        </test-method> <!-- setUp -->
        <test-method signature="validateOrderDateField()[pri:0, instance:com.pivotcoachingacademy.AutomationFramework.Tests.ProductReturnsTest@33990a0c]" started-at="2024-02-12T02:14:48 MST" name="validateOrderDateField" finished-at="2024-02-12T02:14:48 MST" duration-ms="172" status="PASS">
          <reporter-output>
          </reporter-output>
        </test-method> <!-- validateOrderDateField -->
        <test-method is-config="true" signature="quit()[pri:0, instance:com.pivotcoachingacademy.AutomationFramework.Tests.ProductReturnsTest@33990a0c]" started-at="2024-02-12T02:14:48 MST" name="quit" finished-at="2024-02-12T02:14:49 MST" duration-ms="251" status="PASS">
          <reporter-output>
          </reporter-output>
        </test-method> <!-- quit -->
      </class> <!-- com.pivotcoachingacademy.AutomationFramework.Tests.ProductReturnsTest -->
    </test> <!-- Default test -->
  </suite> <!-- Default suite -->
</testng-results>
